This is pdfTeX, Version 3.141592653-2.6-1.40.22 (MiKTeX 21.6) (preloaded format=pdflatex 2021.9.18)  24 MAR 2022 19:52
entering extended mode
**"C:/Users/18153/Downloads/_++Solutions-Election Book/_++Solutions-Election Bo
ok/solutions/s-polling101.tex"

(C:/Users/18153/Downloads/_++Solutions-Election Book/_++Solutions-Election Book
/solutions/s-polling101.tex
LaTeX2e <2021-06-01>
L3 programming layer <2021-06-01>
! Undefined control sequence.
l.1 \chapter
            {Polling 101}\label{ch:polling101}
? 
! Emergency stop.
l.1 \chapter
            {Polling 101}\label{ch:polling101}
End of file on the terminal!

 
Here is how much of TeX's memory you used:
 19 strings out of 478864
 724 string characters out of 2848660
 292975 words of memory out of 3000000
 18043 multiletter control sequences out of 15000+600000
 403430 words of font info for 27 fonts, out of 8000000 for 9000
 1141 hyphenation exceptions out of 8191
 13i,0n,12p,181b,10s stack positions out of 5000i,500n,10000p,200000b,80000s
!  ==> Fatal error occurred, no output PDF file produced!
